\BOOKMARK [0][-]{chapter*.3}{\376\377\000P\000r\000e\000f\000a\000c\000e}{}% 1
\BOOKMARK [0][-]{chapter*.4}{\376\377\000A\000b\000s\000t\000r\000a\000c\000t}{}% 2
\BOOKMARK [0][-]{chapter*.5}{\376\377\000S\000y\000m\000b\000o\000l\000s}{}% 3
\BOOKMARK [0][-]{chapter.1}{\376\377\000I\000n\000t\000r\000o\000d\000u\000c\000t\000i\000o\000n}{}% 4
\BOOKMARK [1][-]{section.1.1}{\376\377\000M\000o\000t\000i\000v\000a\000t\000i\000o\000n}{chapter.1}% 5
\BOOKMARK [0][-]{chapter.2}{\376\377\000E\000i\000n\000i\000g\000e\000\040\000w\000i\000c\000h\000t\000i\000g\000e\000\040\000H\000i\000n\000w\000e\000i\000s\000e\000\040\000z\000u\000m\000\040\000A\000r\000b\000e\000i\000t\000e\000n\000\040\000m\000i\000t\000\040\000L\000a\000T\000e\000X\000\040}{}% 6
\BOOKMARK [1][-]{section.2.1}{\376\377\000G\000l\000i\000e\000d\000e\000r\000u\000n\000g\000e\000n}{chapter.2}% 7
\BOOKMARK [1][-]{section.2.2}{\376\377\000R\000e\000f\000e\000r\000e\000n\000z\000e\000n\000\040\000u\000n\000d\000\040\000V\000e\000r\000w\000e\000i\000s\000e}{chapter.2}% 8
\BOOKMARK [1][-]{section.2.3}{\376\377\000A\000u\000f\000z\000\344\000h\000l\000u\000n\000g\000e\000n}{chapter.2}% 9
\BOOKMARK [1][-]{section.2.4}{\376\377\000E\000r\000s\000t\000e\000l\000l\000e\000n\000\040\000e\000i\000n\000e\000r\000\040\000T\000a\000b\000e\000l\000l\000e}{chapter.2}% 10
\BOOKMARK [1][-]{section.2.5}{\376\377\000E\000i\000n\000b\000i\000n\000d\000e\000n\000\040\000e\000i\000n\000e\000r\000\040\000G\000r\000a\000f\000i\000k}{chapter.2}% 11
\BOOKMARK [1][-]{section.2.6}{\376\377\000M\000a\000t\000h\000e\000m\000a\000t\000i\000s\000c\000h\000e\000\040\000F\000o\000r\000m\000e\000l\000n}{chapter.2}% 12
\BOOKMARK [1][-]{section.2.7}{\376\377\000W\000e\000i\000t\000e\000r\000e\000\040\000n\000\374\000t\000z\000l\000i\000c\000h\000e\000\040\000B\000e\000f\000e\000h\000l\000e}{chapter.2}% 13
\BOOKMARK [0][-]{chapter.3}{\376\377\000X\000B\000R\000L}{}% 14
\BOOKMARK [1][-]{section.3.1}{\376\377\000O\000v\000e\000r\000v\000i\000e\000w}{chapter.3}% 15
\BOOKMARK [1][-]{section.3.2}{\376\377\000C\000o\000n\000c\000e\000p\000t\000s}{chapter.3}% 16
\BOOKMARK [2][-]{subsection.3.2.1}{\376\377\000T\000a\000x\000o\000n\000o\000m\000y}{section.3.2}% 17
\BOOKMARK [1][-]{section.3.3}{\376\377\000F\000a\000c\000t\000s}{chapter.3}% 18
\BOOKMARK [1][-]{section.3.4}{\376\377\000Q\000N\000a\000m\000e\000s}{chapter.3}% 19
\BOOKMARK [2][-]{subsection.3.4.1}{\376\377\000N\000e\000t\000w\000o\000r\000k\000s}{section.3.4}% 20
\BOOKMARK [2][-]{subsection.3.4.2}{\376\377\000T\000y\000p\000e\000s\000\040\000o\000f\000\040\000N\000e\000t\000w\000o\000r\000k\000s}{section.3.4}% 21
\BOOKMARK [1][-]{section.3.5}{\376\377\000R\000e\000p\000o\000r\000t\000\040\000E\000l\000e\000m\000e\000n\000t\000s}{chapter.3}% 22
\BOOKMARK [0][-]{chapter.4}{\376\377\000I\000m\000p\000l\000e\000m\000e\000n\000t\000a\000t\000i\000o\000n}{}% 23
\BOOKMARK [1][-]{section.4.1}{\376\377\000O\000v\000e\000r\000v\000i\000e\000w}{chapter.4}% 24
\BOOKMARK [1][-]{section.4.2}{\376\377\000I\000m\000p\000l\000e\000m\000e\000n\000t\000a\000t\000i\000o\000n\000\040\000o\000f\000\040\000Q\000N\000a\000m\000e\000s\000\040\000a\000n\000d\000\040\000n\000a\000m\000e\000s\000p\000a\000c\000e\000\040\000n\000o\000r\000m\000a\000l\000i\000z\000a\000t\000i\000o\000n}{chapter.4}% 25
\BOOKMARK [2][-]{subsection.4.2.1}{\376\377\000O\000v\000e\000r\000v\000i\000e\000w}{section.4.2}% 26
\BOOKMARK [2][-]{subsection.4.2.2}{\376\377\000N\000a\000m\000e\000s\000p\000a\000c\000e\000\040\000h\000i\000e\000r\000a\000r\000c\000h\000y\000\040\000n\000o\000t\000a\000t\000i\000o\000n}{section.4.2}% 27
\BOOKMARK [2][-]{subsection.4.2.3}{\376\377\000F\000l\000a\000t\000t\000e\000n\000i\000n\000g\000\040\000n\000a\000m\000e\000s\000p\000a\000c\000e\000\040\000b\000i\000n\000d\000i\000n\000g\000s}{section.4.2}% 28
\BOOKMARK [2][-]{subsection.4.2.4}{\376\377\000C\000o\000l\000l\000i\000s\000i\000o\000n\000s\000\040\000i\000n\000\040\000n\000a\000m\000e\000s\000p\000a\000c\000e\000\040\000b\000i\000n\000d\000i\000n\000g\000s}{section.4.2}% 29
\BOOKMARK [2][-]{subsection.4.2.5}{\376\377\000T\000y\000p\000e\000s\000\040\000o\000f\000\040\000c\000o\000l\000l\000i\000s\000i\000o\000n\000s}{section.4.2}% 30
\BOOKMARK [1][-]{section.4.3}{\376\377\000I\000m\000p\000l\000e\000m\000e\000n\000t\000a\000t\000i\000o\000n\000\040\000o\000f\000\040\000F\000a\000c\000t\000s}{chapter.4}% 31
\BOOKMARK [2][-]{subsection.4.3.1}{\376\377\000O\000v\000e\000r\000v\000i\000e\000w}{section.4.3}% 32
\BOOKMARK [2][-]{subsection.4.3.2}{\376\377\000F\000a\000c\000t\000s\000\040\000i\000n\000\040\000X\000B\000R\000L}{section.4.3}% 33
\BOOKMARK [2][-]{subsection.4.3.3}{\376\377\000C\000o\000n\000t\000e\000x\000t\000s\000\040\000i\000n\000\040\000X\000B\000R\000L}{section.4.3}% 34
\BOOKMARK [2][-]{subsection.4.3.4}{\376\377\000U\000n\000i\000t\000s\000\040\000i\000n\000\040\000X\000B\000R\000L}{section.4.3}% 35
\BOOKMARK [2][-]{subsection.4.3.5}{\376\377\000C\000o\000n\000c\000e\000p\000t\000s\000\040\000i\000n\000\040\000X\000B\000R\000L}{section.4.3}% 36
\BOOKMARK [2][-]{subsection.4.3.6}{\376\377\000F\000a\000c\000t\000s\000\040\000i\000n\000\040\000B\000r\000e\000l}{section.4.3}% 37
\BOOKMARK [1][-]{section.4.4}{\376\377\000C\000o\000m\000p\000o\000n\000e\000n\000t\000s\000\040\000I\000m\000p\000l\000e\000m\000e\000n\000t\000a\000t\000i\000o\000n}{chapter.4}% 38
\BOOKMARK [2][-]{subsection.4.4.1}{\376\377\000O\000v\000e\000r\000v\000i\000e\000w}{section.4.4}% 39
\BOOKMARK [2][-]{subsection.4.4.2}{\376\377\000C\000o\000m\000p\000o\000n\000e\000n\000t\000s\000\040\000i\000n\000\040\000X\000B\000R\000L}{section.4.4}% 40
\BOOKMARK [2][-]{subsection.4.4.3}{\376\377\000C\000o\000m\000p\000o\000n\000e\000n\000t\000s\000\040\000i\000n\000\040\000B\000r\000e\000l}{section.4.4}% 41
\BOOKMARK [1][-]{section.4.5}{\376\377\000I\000m\000p\000l\000e\000m\000e\000n\000t\000a\000t\000i\000o\000n\000\040\000o\000f\000\040\000N\000e\000t\000w\000o\000r\000k\000s}{chapter.4}% 42
\BOOKMARK [2][-]{subsection.4.5.1}{\376\377\000O\000v\000e\000r\000v\000i\000e\000w}{section.4.5}% 43
\BOOKMARK [0][-]{chapter*.12}{\376\377\000B\000i\000b\000l\000i\000o\000g\000r\000a\000p\000h\000y}{}% 44
\BOOKMARK [0][-]{appendix.A}{\376\377\000I\000r\000g\000e\000n\000d\000w\000a\000s}{}% 45
